{"/Users/emnajaoua/IdeaProjects/typescript-katas/typescript-backend-katas/src/index.ts": {"path":"/Users/emnajaoua/IdeaProjects/typescript-katas/typescript-backend-katas/src/index.ts","statementMap":{"0":{"start":{"line":1,"column":0},"end":{"line":1,"column":53}},"1":{"start":{"line":2,"column":0},"end":{"line":2,"column":51}},"2":{"start":{"line":3,"column":0},"end":{"line":3,"column":16}}},"fnMap":{},"branchMap":{},"s":{"0":0,"1":0,"2":0},"f":{},"b":{}}
,"/Users/emnajaoua/IdeaProjects/typescript-katas/typescript-backend-katas/src/calculator/calculator.level2.ts": {"path":"/Users/emnajaoua/IdeaProjects/typescript-katas/typescript-backend-katas/src/calculator/calculator.level2.ts","statementMap":{"0":{"start":{"line":1,"column":0},"end":{"line":1,"column":null}},"1":{"start":{"line":2,"column":2},"end":{"line":2,"column":null}},"2":{"start":{"line":3,"column":2},"end":{"line":3,"column":null}},"3":{"start":{"line":4,"column":2},"end":{"line":4,"column":null}},"4":{"start":{"line":5,"column":2},"end":{"line":5,"column":null}},"5":{"start":{"line":8,"column":80},"end":{"line":13,"column":null}},"6":{"start":{"line":9,"column":50},"end":{"line":9,"column":53}},"7":{"start":{"line":10,"column":48},"end":{"line":10,"column":51}},"8":{"start":{"line":11,"column":45},"end":{"line":11,"column":48}},"9":{"start":{"line":12,"column":51},"end":{"line":12,"column":54}},"10":{"start":{"line":15,"column":39},"end":{"line":15,"column":59}},"11":{"start":{"line":17,"column":25},"end":{"line":29,"column":1}},"12":{"start":{"line":18,"column":29},"end":{"line":18,"column":50}},"13":{"start":{"line":20,"column":2},"end":{"line":26,"column":null}},"14":{"start":{"line":21,"column":4},"end":{"line":23,"column":null}},"15":{"start":{"line":22,"column":6},"end":{"line":22,"column":15}},"16":{"start":{"line":24,"column":29},"end":{"line":24,"column":62}},"17":{"start":{"line":25,"column":4},"end":{"line":25,"column":null}},"18":{"start":{"line":28,"column":2},"end":{"line":28,"column":28}},"19":{"start":{"line":17,"column":13},"end":{"line":17,"column":25}}},"fnMap":{"0":{"name":"(anonymous_0)","decl":{"start":{"line":1,"column":0},"end":{"line":1,"column":5}},"loc":{"start":{"line":1,"column":14},"end":{"line":6,"column":1}}},"1":{"name":"(anonymous_1)","decl":{"start":{"line":9,"column":24},"end":{"line":9,"column":25}},"loc":{"start":{"line":9,"column":50},"end":{"line":9,"column":53}}},"2":{"name":"(anonymous_2)","decl":{"start":{"line":10,"column":22},"end":{"line":10,"column":23}},"loc":{"start":{"line":10,"column":48},"end":{"line":10,"column":51}}},"3":{"name":"(anonymous_3)","decl":{"start":{"line":11,"column":19},"end":{"line":11,"column":20}},"loc":{"start":{"line":11,"column":45},"end":{"line":11,"column":48}}},"4":{"name":"(anonymous_4)","decl":{"start":{"line":12,"column":25},"end":{"line":12,"column":26}},"loc":{"start":{"line":12,"column":51},"end":{"line":12,"column":54}}},"5":{"name":"(anonymous_5)","decl":{"start":{"line":17,"column":25},"end":{"line":17,"column":26}},"loc":{"start":{"line":17,"column":56},"end":{"line":29,"column":1}}}},"branchMap":{"0":{"loc":{"start":{"line":1,"column":5},"end":{"line":1,"column":null}},"type":"binary-expr","locations":[{"start":{"line":1,"column":5},"end":{"line":1,"column":14}},{"start":{"line":1,"column":5},"end":{"line":1,"column":null}}]},"1":{"loc":{"start":{"line":21,"column":4},"end":{"line":23,"column":null}},"type":"if","locations":[{"start":{"line":21,"column":4},"end":{"line":23,"column":null}}]}},"s":{"0":0,"1":0,"2":0,"3":0,"4":0,"5":0,"6":0,"7":0,"8":0,"9":0,"10":0,"11":0,"12":0,"13":0,"14":0,"15":0,"16":0,"17":0,"18":0,"19":0},"f":{"0":0,"1":0,"2":0,"3":0,"4":0,"5":0},"b":{"0":[0,0],"1":[0]}}
,"/Users/emnajaoua/IdeaProjects/typescript-katas/typescript-backend-katas/src/example/calc.ts": {"path":"/Users/emnajaoua/IdeaProjects/typescript-katas/typescript-backend-katas/src/example/calc.ts","statementMap":{"0":{"start":{"line":3,"column":4},"end":{"line":3,"column":17}},"1":{"start":{"line":1,"column":0},"end":{"line":1,"column":13}}},"fnMap":{"0":{"name":"(anonymous_0)","decl":{"start":{"line":2,"column":2},"end":{"line":2,"column":5}},"loc":{"start":{"line":2,"column":26},"end":{"line":4,"column":3}}}},"branchMap":{},"s":{"0":0,"1":0},"f":{"0":0},"b":{}}
,"/Users/emnajaoua/IdeaProjects/typescript-katas/typescript-backend-katas/src/streetFighter/mappingBetweenFightersFromSfplAndFca.ts": {"path":"/Users/emnajaoua/IdeaProjects/typescript-katas/typescript-backend-katas/src/streetFighter/mappingBetweenFightersFromSfplAndFca.ts","statementMap":{"0":{"start":{"line":1,"column":13},"end":{"line":14,"column":null}}},"fnMap":{},"branchMap":{},"s":{"0":0},"f":{},"b":{}}
,"/Users/emnajaoua/IdeaProjects/typescript-katas/typescript-backend-katas/src/streetFighter/helpers/helpers.ts": {"path":"/Users/emnajaoua/IdeaProjects/typescript-katas/typescript-backend-katas/src/streetFighter/helpers/helpers.ts","statementMap":{"0":{"start":{"line":1,"column":0},"end":{"line":1,"column":34}},"1":{"start":{"line":2,"column":0},"end":{"line":2,"column":25}},"2":{"start":{"line":4,"column":28},"end":{"line":18,"column":2}},"3":{"start":{"line":4,"column":91},"end":{"line":18,"column":2}},"4":{"start":{"line":5,"column":20},"end":{"line":5,"column":54}},"5":{"start":{"line":6,"column":17},"end":{"line":11,"column":4}},"6":{"start":{"line":13,"column":23},"end":{"line":13,"column":25}},"7":{"start":{"line":14,"column":2},"end":{"line":16,"column":null}},"8":{"start":{"line":14,"column":29},"end":{"line":14,"column":null}},"9":{"start":{"line":14,"column":25},"end":{"line":14,"column":29}},"10":{"start":{"line":15,"column":4},"end":{"line":15,"column":30}},"11":{"start":{"line":17,"column":2},"end":{"line":17,"column":17}},"12":{"start":{"line":4,"column":13},"end":{"line":4,"column":28}},"13":{"start":{"line":20,"column":29},"end":{"line":24,"column":1}},"14":{"start":{"line":21,"column":21},"end":{"line":21,"column":55}},"15":{"start":{"line":22,"column":19},"end":{"line":22,"column":41}},"16":{"start":{"line":23,"column":2},"end":{"line":23,"column":18}},"17":{"start":{"line":20,"column":13},"end":{"line":20,"column":29}}},"fnMap":{"0":{"name":"(anonymous_20)","decl":{"start":{"line":4,"column":28},"end":{"line":4,"column":38}},"loc":{"start":{"line":4,"column":91},"end":{"line":18,"column":2}}},"1":{"name":"(anonymous_21)","decl":{"start":{"line":4,"column":91},"end":{"line":4,"column":null}},"loc":{"start":{"line":4,"column":91},"end":{"line":18,"column":1}}},"2":{"name":"(anonymous_22)","decl":{"start":{"line":20,"column":29},"end":{"line":20,"column":33}},"loc":{"start":{"line":20,"column":58},"end":{"line":24,"column":1}}}},"branchMap":{},"s":{"0":0,"1":0,"2":0,"3":0,"4":0,"5":0,"6":0,"7":0,"8":0,"9":0,"10":0,"11":0,"12":0,"13":0,"14":0,"15":0,"16":0,"17":0},"f":{"0":0,"1":0,"2":0},"b":{}}
,"/Users/emnajaoua/IdeaProjects/typescript-katas/typescript-backend-katas/src/supermarket_receipt/src/ReceiptPrinter.ts": {"path":"/Users/emnajaoua/IdeaProjects/typescript-katas/typescript-backend-katas/src/supermarket_receipt/src/ReceiptPrinter.ts","statementMap":{"0":{"start":{"line":1,"column":0},"end":{"line":1,"column":47}},"1":{"start":{"line":7,"column":40},"end":{"line":7,"column":58}},"2":{"start":{"line":11,"column":21},"end":{"line":11,"column":23}},"3":{"start":{"line":12,"column":8},"end":{"line":25,"column":null}},"4":{"start":{"line":13,"column":24},"end":{"line":13,"column":61}},"5":{"start":{"line":14,"column":27},"end":{"line":14,"column":63}},"6":{"start":{"line":15,"column":23},"end":{"line":15,"column":40}},"7":{"start":{"line":16,"column":28},"end":{"line":16,"column":60}},"8":{"start":{"line":18,"column":33},"end":{"line":18,"column":74}},"9":{"start":{"line":19,"column":23},"end":{"line":19,"column":89}},"10":{"start":{"line":21,"column":12},"end":{"line":23,"column":null}},"11":{"start":{"line":22,"column":16},"end":{"line":22,"column":67}},"12":{"start":{"line":24,"column":12},"end":{"line":24,"column":27}},"13":{"start":{"line":26,"column":8},"end":{"line":38,"column":null}},"14":{"start":{"line":27,"column":38},"end":{"line":27,"column":59}},"15":{"start":{"line":28,"column":36},"end":{"line":28,"column":81}},"16":{"start":{"line":29,"column":30},"end":{"line":29,"column":50}},"17":{"start":{"line":30,"column":12},"end":{"line":30,"column":34}},"18":{"start":{"line":31,"column":12},"end":{"line":31,"column":26}},"19":{"start":{"line":32,"column":12},"end":{"line":32,"column":42}},"20":{"start":{"line":33,"column":12},"end":{"line":33,"column":26}},"21":{"start":{"line":34,"column":12},"end":{"line":34,"column":146}},"22":{"start":{"line":35,"column":12},"end":{"line":35,"column":26}},"23":{"start":{"line":36,"column":12},"end":{"line":36,"column":40}},"24":{"start":{"line":37,"column":12},"end":{"line":37,"column":27}},"25":{"start":{"line":39,"column":8},"end":{"line":39,"column":23}},"26":{"start":{"line":40,"column":32},"end":{"line":40,"column":77}},"27":{"start":{"line":41,"column":20},"end":{"line":41,"column":29}},"28":{"start":{"line":42,"column":25},"end":{"line":42,"column":109}},"29":{"start":{"line":43,"column":8},"end":{"line":43,"column":24}},"30":{"start":{"line":44,"column":8},"end":{"line":44,"column":29}},"31":{"start":{"line":45,"column":8},"end":{"line":45,"column":36}},"32":{"start":{"line":47,"column":8},"end":{"line":47,"column":22}},"33":{"start":{"line":51,"column":8},"end":{"line":54,"column":null}},"34":{"start":{"line":58,"column":8},"end":{"line":61,"column":99}},"35":{"start":{"line":65,"column":8},"end":{"line":65,"column":42}},"36":{"start":{"line":5,"column":0},"end":{"line":5,"column":13}}},"fnMap":{"0":{"name":"(anonymous_0)","decl":{"start":{"line":7,"column":4},"end":{"line":7,"column":40}},"loc":{"start":{"line":7,"column":60},"end":{"line":8,"column":5}}},"1":{"name":"(anonymous_1)","decl":{"start":{"line":10,"column":11},"end":{"line":10,"column":23}},"loc":{"start":{"line":10,"column":41},"end":{"line":48,"column":5}}},"2":{"name":"(anonymous_2)","decl":{"start":{"line":50,"column":12},"end":{"line":50,"column":27}},"loc":{"start":{"line":50,"column":42},"end":{"line":55,"column":5}}},"3":{"name":"(anonymous_3)","decl":{"start":{"line":57,"column":12},"end":{"line":57,"column":18}},"loc":{"start":{"line":57,"column":53},"end":{"line":62,"column":5}}},"4":{"name":"(anonymous_4)","decl":{"start":{"line":64,"column":12},"end":{"line":64,"column":18}},"loc":{"start":{"line":64,"column":55},"end":{"line":66,"column":5}}}},"branchMap":{"0":{"loc":{"start":{"line":7,"column":40},"end":{"line":7,"column":60}},"type":"default-arg","locations":[{"start":{"line":7,"column":58},"end":{"line":7,"column":60}}]},"1":{"loc":{"start":{"line":21,"column":12},"end":{"line":23,"column":null}},"type":"if","locations":[{"start":{"line":21,"column":12},"end":{"line":23,"column":null}}]},"2":{"loc":{"start":{"line":58,"column":15},"end":{"line":61,"column":98}},"type":"cond-expr","locations":[{"start":{"line":60,"column":18},"end":{"line":60,"column":98}},{"start":{"line":61,"column":18},"end":{"line":61,"column":98}}]}},"s":{"0":0,"1":0,"2":0,"3":0,"4":0,"5":0,"6":0,"7":0,"8":0,"9":0,"10":0,"11":0,"12":0,"13":0,"14":0,"15":0,"16":0,"17":0,"18":0,"19":0,"20":0,"21":0,"22":0,"23":0,"24":0,"25":0,"26":0,"27":0,"28":0,"29":0,"30":0,"31":0,"32":0,"33":0,"34":0,"35":0,"36":0},"f":{"0":0,"1":0,"2":0,"3":0,"4":0},"b":{"0":[0],"1":[0],"2":[0,0]}}
,"/Users/emnajaoua/IdeaProjects/typescript-katas/typescript-backend-katas/src/supermarket_receipt/src/model/Discount.ts": {"path":"/Users/emnajaoua/IdeaProjects/typescript-katas/typescript-backend-katas/src/supermarket_receipt/src/model/Discount.ts","statementMap":{"0":{"start":{"line":5,"column":32},"end":{"line":5,"column":48}},"1":{"start":{"line":6,"column":32},"end":{"line":6,"column":51}},"2":{"start":{"line":7,"column":32},"end":{"line":7,"column":54}},"3":{"start":{"line":3,"column":0},"end":{"line":3,"column":13}}},"fnMap":{"0":{"name":"(anonymous_0)","decl":{"start":{"line":5,"column":4},"end":{"line":5,"column":32}},"loc":{"start":{"line":7,"column":54},"end":{"line":8,"column":5}}}},"branchMap":{},"s":{"0":0,"1":0,"2":0,"3":0},"f":{"0":0},"b":{}}
,"/Users/emnajaoua/IdeaProjects/typescript-katas/typescript-backend-katas/src/supermarket_receipt/src/model/Offer.ts": {"path":"/Users/emnajaoua/IdeaProjects/typescript-katas/typescript-backend-katas/src/supermarket_receipt/src/model/Offer.ts","statementMap":{"0":{"start":{"line":6,"column":39},"end":{"line":6,"column":66}},"1":{"start":{"line":7,"column":39},"end":{"line":7,"column":55}},"2":{"start":{"line":8,"column":39},"end":{"line":8,"column":55}},"3":{"start":{"line":12,"column":8},"end":{"line":12,"column":28}},"4":{"start":{"line":4,"column":0},"end":{"line":4,"column":13}}},"fnMap":{"0":{"name":"(anonymous_0)","decl":{"start":{"line":6,"column":4},"end":{"line":6,"column":39}},"loc":{"start":{"line":8,"column":55},"end":{"line":9,"column":5}}},"1":{"name":"(anonymous_1)","decl":{"start":{"line":11,"column":4},"end":{"line":11,"column":14}},"loc":{"start":{"line":11,"column":14},"end":{"line":13,"column":5}}}},"branchMap":{},"s":{"0":0,"1":0,"2":0,"3":0,"4":0},"f":{"0":0,"1":0},"b":{}}
,"/Users/emnajaoua/IdeaProjects/typescript-katas/typescript-backend-katas/src/supermarket_receipt/src/model/Product.ts": {"path":"/Users/emnajaoua/IdeaProjects/typescript-katas/typescript-backend-katas/src/supermarket_receipt/src/model/Product.ts","statementMap":{"0":{"start":{"line":5,"column":32},"end":{"line":5,"column":44}},"1":{"start":{"line":6,"column":32},"end":{"line":6,"column":49}},"2":{"start":{"line":3,"column":0},"end":{"line":3,"column":13}}},"fnMap":{"0":{"name":"(anonymous_0)","decl":{"start":{"line":5,"column":4},"end":{"line":5,"column":32}},"loc":{"start":{"line":6,"column":49},"end":{"line":7,"column":5}}}},"branchMap":{},"s":{"0":0,"1":0,"2":0},"f":{"0":0},"b":{}}
,"/Users/emnajaoua/IdeaProjects/typescript-katas/typescript-backend-katas/src/supermarket_receipt/src/model/ProductQuantity.ts": {"path":"/Users/emnajaoua/IdeaProjects/typescript-katas/typescript-backend-katas/src/supermarket_receipt/src/model/ProductQuantity.ts","statementMap":{"0":{"start":{"line":5,"column":32},"end":{"line":5,"column":48}},"1":{"start":{"line":6,"column":32},"end":{"line":6,"column":48}},"2":{"start":{"line":7,"column":8},"end":{"line":7,"column":31}},"3":{"start":{"line":8,"column":8},"end":{"line":8,"column":33}},"4":{"start":{"line":3,"column":0},"end":{"line":3,"column":13}}},"fnMap":{"0":{"name":"(anonymous_0)","decl":{"start":{"line":5,"column":4},"end":{"line":5,"column":32}},"loc":{"start":{"line":6,"column":48},"end":{"line":9,"column":5}}}},"branchMap":{},"s":{"0":0,"1":0,"2":0,"3":0,"4":0},"f":{"0":0},"b":{}}
,"/Users/emnajaoua/IdeaProjects/typescript-katas/typescript-backend-katas/src/supermarket_receipt/src/model/ProductUnit.ts": {"path":"/Users/emnajaoua/IdeaProjects/typescript-katas/typescript-backend-katas/src/supermarket_receipt/src/model/ProductUnit.ts","statementMap":{"0":{"start":{"line":2,"column":0},"end":{"line":2,"column":null}},"1":{"start":{"line":3,"column":4},"end":{"line":3,"column":10}},"2":{"start":{"line":3,"column":10},"end":{"line":3,"column":null}}},"fnMap":{"0":{"name":"(anonymous_0)","decl":{"start":{"line":2,"column":0},"end":{"line":2,"column":12}},"loc":{"start":{"line":2,"column":23},"end":{"line":4,"column":1}}}},"branchMap":{"0":{"loc":{"start":{"line":2,"column":12},"end":{"line":2,"column":null}},"type":"binary-expr","locations":[{"start":{"line":2,"column":12},"end":{"line":2,"column":23}},{"start":{"line":2,"column":12},"end":{"line":2,"column":null}}]}},"s":{"0":0,"1":0,"2":0},"f":{"0":0},"b":{"0":[0,0]}}
,"/Users/emnajaoua/IdeaProjects/typescript-katas/typescript-backend-katas/src/supermarket_receipt/src/model/Receipt.ts": {"path":"/Users/emnajaoua/IdeaProjects/typescript-katas/typescript-backend-katas/src/supermarket_receipt/src/model/Receipt.ts","statementMap":{"0":{"start":{"line":3,"column":0},"end":{"line":3,"column":41}},"1":{"start":{"line":4,"column":0},"end":{"line":4,"column":27}},"2":{"start":{"line":7,"column":12},"end":{"line":7,"column":38}},"3":{"start":{"line":8,"column":12},"end":{"line":8,"column":39}},"4":{"start":{"line":11,"column":20},"end":{"line":11,"column":23}},"5":{"start":{"line":12,"column":8},"end":{"line":14,"column":null}},"6":{"start":{"line":13,"column":12},"end":{"line":13,"column":37}},"7":{"start":{"line":15,"column":8},"end":{"line":17,"column":null}},"8":{"start":{"line":16,"column":12},"end":{"line":16,"column":45}},"9":{"start":{"line":18,"column":8},"end":{"line":18,"column":21}},"10":{"start":{"line":22,"column":8},"end":{"line":22,"column":73}},"11":{"start":{"line":26,"column":8},"end":{"line":26,"column":35}},"12":{"start":{"line":30,"column":8},"end":{"line":30,"column":38}},"13":{"start":{"line":34,"column":8},"end":{"line":34,"column":30}},"14":{"start":{"line":6,"column":0},"end":{"line":6,"column":13}}},"fnMap":{"0":{"name":"(anonymous_6)","decl":{"start":{"line":6,"column":0},"end":{"line":6,"column":13}},"loc":{"start":{"line":6,"column":0},"end":{"line":36,"column":1}}},"1":{"name":"(anonymous_7)","decl":{"start":{"line":10,"column":11},"end":{"line":10,"column":24}},"loc":{"start":{"line":10,"column":24},"end":{"line":19,"column":5}}},"2":{"name":"(anonymous_8)","decl":{"start":{"line":21,"column":11},"end":{"line":21,"column":21}},"loc":{"start":{"line":21,"column":86},"end":{"line":23,"column":5}}},"3":{"name":"(anonymous_9)","decl":{"start":{"line":25,"column":11},"end":{"line":25,"column":19}},"loc":{"start":{"line":25,"column":19},"end":{"line":27,"column":5}}},"4":{"name":"(anonymous_10)","decl":{"start":{"line":29,"column":11},"end":{"line":29,"column":22}},"loc":{"start":{"line":29,"column":42},"end":{"line":31,"column":5}}},"5":{"name":"(anonymous_11)","decl":{"start":{"line":33,"column":11},"end":{"line":33,"column":23}},"loc":{"start":{"line":33,"column":23},"end":{"line":35,"column":5}}}},"branchMap":{},"s":{"0":0,"1":0,"2":0,"3":0,"4":0,"5":0,"6":0,"7":0,"8":0,"9":0,"10":0,"11":0,"12":0,"13":0,"14":0},"f":{"0":0,"1":0,"2":0,"3":0,"4":0,"5":0},"b":{}}
,"/Users/emnajaoua/IdeaProjects/typescript-katas/typescript-backend-katas/src/supermarket_receipt/src/model/ReceiptItem.ts": {"path":"/Users/emnajaoua/IdeaProjects/typescript-katas/typescript-backend-katas/src/supermarket_receipt/src/model/ReceiptItem.ts","statementMap":{"0":{"start":{"line":5,"column":39},"end":{"line":5,"column":55}},"1":{"start":{"line":6,"column":39},"end":{"line":6,"column":55}},"2":{"start":{"line":7,"column":39},"end":{"line":7,"column":52}},"3":{"start":{"line":8,"column":30},"end":{"line":8,"column":48}},"4":{"start":{"line":3,"column":0},"end":{"line":3,"column":13}}},"fnMap":{"0":{"name":"(anonymous_0)","decl":{"start":{"line":5,"column":4},"end":{"line":5,"column":39}},"loc":{"start":{"line":8,"column":48},"end":{"line":9,"column":5}}}},"branchMap":{},"s":{"0":0,"1":0,"2":0,"3":0,"4":0},"f":{"0":0},"b":{}}
,"/Users/emnajaoua/IdeaProjects/typescript-katas/typescript-backend-katas/src/supermarket_receipt/src/model/ShoppingCart.ts": {"path":"/Users/emnajaoua/IdeaProjects/typescript-katas/typescript-backend-katas/src/supermarket_receipt/src/model/ShoppingCart.ts","statementMap":{"0":{"start":{"line":3,"column":0},"end":{"line":3,"column":27}},"1":{"start":{"line":4,"column":0},"end":{"line":4,"column":49}},"2":{"start":{"line":5,"column":0},"end":{"line":5,"column":35}},"3":{"start":{"line":8,"column":0},"end":{"line":8,"column":51}},"4":{"start":{"line":15,"column":22},"end":{"line":15,"column":52}},"5":{"start":{"line":16,"column":4},"end":{"line":16,"column":47}},"6":{"start":{"line":20,"column":8},"end":{"line":20,"column":35}},"7":{"start":{"line":24,"column":8},"end":{"line":24,"column":43}},"8":{"start":{"line":28,"column":8},"end":{"line":28,"column":39}},"9":{"start":{"line":33,"column":30},"end":{"line":33,"column":68}},"10":{"start":{"line":34,"column":8},"end":{"line":34,"column":41}},"11":{"start":{"line":35,"column":30},"end":{"line":35,"column":67}},"12":{"start":{"line":36,"column":8},"end":{"line":40,"column":null}},"13":{"start":{"line":37,"column":12},"end":{"line":37,"column":110}},"14":{"start":{"line":39,"column":12},"end":{"line":39,"column":68}},"15":{"start":{"line":45,"column":8},"end":{"line":45,"column":null}},"16":{"start":{"line":49,"column":8},"end":{"line":89,"column":null}},"17":{"start":{"line":50,"column":36},"end":{"line":50,"column":72}},"18":{"start":{"line":51,"column":28},"end":{"line":51,"column":51}},"19":{"start":{"line":52,"column":37},"end":{"line":52,"column":82}},"20":{"start":{"line":53,"column":12},"end":{"line":87,"column":null}},"21":{"start":{"line":54,"column":38},"end":{"line":54,"column":57}},"22":{"start":{"line":55,"column":41},"end":{"line":55,"column":70}},"23":{"start":{"line":56,"column":36},"end":{"line":56,"column":44}},"24":{"start":{"line":57,"column":47},"end":{"line":57,"column":51}},"25":{"start":{"line":58,"column":24},"end":{"line":58,"column":25}},"26":{"start":{"line":59,"column":16},"end":{"line":70,"column":18}},"27":{"start":{"line":60,"column":20},"end":{"line":60,"column":26}},"28":{"start":{"line":62,"column":23},"end":{"line":70,"column":18}},"29":{"start":{"line":63,"column":20},"end":{"line":63,"column":26}},"30":{"start":{"line":64,"column":20},"end":{"line":68,"column":null}},"31":{"start":{"line":65,"column":38},"end":{"line":65,"column":116}},"32":{"start":{"line":66,"column":42},"end":{"line":66,"column":70}},"33":{"start":{"line":67,"column":24},"end":{"line":67,"column":95}},"34":{"start":{"line":70,"column":18},"end":{"line":72,"column":null}},"35":{"start":{"line":71,"column":20},"end":{"line":71,"column":26}},"36":{"start":{"line":73,"column":35},"end":{"line":73,"column":64}},"37":{"start":{"line":74,"column":16},"end":{"line":77,"column":null}},"38":{"start":{"line":75,"column":43},"end":{"line":75,"column":128}},"39":{"start":{"line":76,"column":20},"end":{"line":76,"column":80}},"40":{"start":{"line":78,"column":16},"end":{"line":80,"column":null}},"41":{"start":{"line":79,"column":20},"end":{"line":79,"column":126}},"42":{"start":{"line":81,"column":16},"end":{"line":84,"column":null}},"43":{"start":{"line":82,"column":42},"end":{"line":82,"column":126}},"44":{"start":{"line":83,"column":20},"end":{"line":83,"column":98}},"45":{"start":{"line":85,"column":16},"end":{"line":86,"column":50}},"46":{"start":{"line":86,"column":20},"end":{"line":86,"column":50}},"47":{"start":{"line":13,"column":0},"end":{"line":13,"column":13}}},"fnMap":{"0":{"name":"(anonymous_6)","decl":{"start":{"line":13,"column":0},"end":{"line":13,"column":13}},"loc":{"start":{"line":13,"column":0},"end":{"line":91,"column":1}}},"1":{"name":"(anonymous_7)","decl":{"start":{"line":19,"column":4},"end":{"line":19,"column":12}},"loc":{"start":{"line":19,"column":12},"end":{"line":21,"column":5}}},"2":{"name":"(anonymous_8)","decl":{"start":{"line":23,"column":4},"end":{"line":23,"column":11}},"loc":{"start":{"line":23,"column":28},"end":{"line":25,"column":5}}},"3":{"name":"(anonymous_9)","decl":{"start":{"line":27,"column":4},"end":{"line":27,"column":21}},"loc":{"start":{"line":27,"column":21},"end":{"line":29,"column":5}}},"4":{"name":"(anonymous_10)","decl":{"start":{"line":32,"column":11},"end":{"line":32,"column":26}},"loc":{"start":{"line":32,"column":61},"end":{"line":42,"column":5}}},"5":{"name":"(anonymous_11)","decl":{"start":{"line":44,"column":12},"end":{"line":44,"column":28}},"loc":{"start":{"line":44,"column":97},"end":{"line":46,"column":5}}},"6":{"name":"(anonymous_12)","decl":{"start":{"line":48,"column":4},"end":{"line":48,"column":16}},"loc":{"start":{"line":48,"column":88},"end":{"line":90,"column":5}}}},"branchMap":{"0":{"loc":{"start":{"line":36,"column":8},"end":{"line":40,"column":null}},"type":"if","locations":[{"start":{"line":36,"column":8},"end":{"line":40,"column":null}},{"start":{"line":38,"column":15},"end":{"line":40,"column":null}}]},"1":{"loc":{"start":{"line":53,"column":12},"end":{"line":87,"column":null}},"type":"if","locations":[{"start":{"line":53,"column":12},"end":{"line":87,"column":null}}]},"2":{"loc":{"start":{"line":59,"column":16},"end":{"line":70,"column":18}},"type":"if","locations":[{"start":{"line":59,"column":16},"end":{"line":70,"column":18}},{"start":{"line":62,"column":23},"end":{"line":70,"column":18}}]},"3":{"loc":{"start":{"line":62,"column":23},"end":{"line":70,"column":18}},"type":"if","locations":[{"start":{"line":62,"column":23},"end":{"line":70,"column":18}}]},"4":{"loc":{"start":{"line":64,"column":20},"end":{"line":68,"column":null}},"type":"if","locations":[{"start":{"line":64,"column":20},"end":{"line":68,"column":null}}]},"5":{"loc":{"start":{"line":70,"column":18},"end":{"line":72,"column":null}},"type":"if","locations":[{"start":{"line":70,"column":18},"end":{"line":72,"column":null}}]},"6":{"loc":{"start":{"line":74,"column":16},"end":{"line":77,"column":null}},"type":"if","locations":[{"start":{"line":74,"column":16},"end":{"line":77,"column":null}}]},"7":{"loc":{"start":{"line":74,"column":20},"end":{"line":74,"column":88}},"type":"binary-expr","locations":[{"start":{"line":74,"column":20},"end":{"line":74,"column":67}},{"start":{"line":74,"column":71},"end":{"line":74,"column":88}}]},"8":{"loc":{"start":{"line":78,"column":16},"end":{"line":80,"column":null}},"type":"if","locations":[{"start":{"line":78,"column":16},"end":{"line":80,"column":null}}]},"9":{"loc":{"start":{"line":81,"column":16},"end":{"line":84,"column":null}},"type":"if","locations":[{"start":{"line":81,"column":16},"end":{"line":84,"column":null}}]},"10":{"loc":{"start":{"line":81,"column":20},"end":{"line":81,"column":91}},"type":"binary-expr","locations":[{"start":{"line":81,"column":20},"end":{"line":81,"column":69}},{"start":{"line":81,"column":73},"end":{"line":81,"column":91}}]},"11":{"loc":{"start":{"line":85,"column":16},"end":{"line":86,"column":50}},"type":"if","locations":[{"start":{"line":85,"column":16},"end":{"line":86,"column":50}}]}},"s":{"0":0,"1":0,"2":0,"3":0,"4":0,"5":0,"6":0,"7":0,"8":0,"9":0,"10":0,"11":0,"12":0,"13":0,"14":0,"15":0,"16":0,"17":0,"18":0,"19":0,"20":0,"21":0,"22":0,"23":0,"24":0,"25":0,"26":0,"27":0,"28":0,"29":0,"30":0,"31":0,"32":0,"33":0,"34":0,"35":0,"36":0,"37":0,"38":0,"39":0,"40":0,"41":0,"42":0,"43":0,"44":0,"45":0,"46":0,"47":0},"f":{"0":0,"1":0,"2":0,"3":0,"4":0,"5":0,"6":0},"b":{"0":[0,0],"1":[0],"2":[0,0],"3":[0],"4":[0],"5":[0],"6":[0],"7":[0,0],"8":[0],"9":[0],"10":[0,0],"11":[0]}}
,"/Users/emnajaoua/IdeaProjects/typescript-katas/typescript-backend-katas/src/supermarket_receipt/src/model/SpecialOfferType.ts": {"path":"/Users/emnajaoua/IdeaProjects/typescript-katas/typescript-backend-katas/src/supermarket_receipt/src/model/SpecialOfferType.ts","statementMap":{"0":{"start":{"line":2,"column":0},"end":{"line":2,"column":null}},"1":{"start":{"line":3,"column":4},"end":{"line":3,"column":17}},"2":{"start":{"line":3,"column":17},"end":{"line":3,"column":37}},"3":{"start":{"line":3,"column":37},"end":{"line":3,"column":51}},"4":{"start":{"line":3,"column":51},"end":{"line":3,"column":null}}},"fnMap":{"0":{"name":"(anonymous_0)","decl":{"start":{"line":2,"column":0},"end":{"line":2,"column":12}},"loc":{"start":{"line":2,"column":28},"end":{"line":4,"column":1}}}},"branchMap":{"0":{"loc":{"start":{"line":2,"column":12},"end":{"line":2,"column":null}},"type":"binary-expr","locations":[{"start":{"line":2,"column":12},"end":{"line":2,"column":28}},{"start":{"line":2,"column":12},"end":{"line":2,"column":null}}]}},"s":{"0":0,"1":0,"2":0,"3":0,"4":0},"f":{"0":0},"b":{"0":[0,0]}}
,"/Users/emnajaoua/IdeaProjects/typescript-katas/typescript-backend-katas/src/supermarket_receipt/src/model/Teller.ts": {"path":"/Users/emnajaoua/IdeaProjects/typescript-katas/typescript-backend-katas/src/supermarket_receipt/src/model/Teller.ts","statementMap":{"0":{"start":{"line":4,"column":0},"end":{"line":4,"column":33}},"1":{"start":{"line":5,"column":0},"end":{"line":5,"column":29}},"2":{"start":{"line":12,"column":40},"end":{"line":12,"column":67}},"3":{"start":{"line":10,"column":12},"end":{"line":10,"column":41}},"4":{"start":{"line":16,"column":8},"end":{"line":16,"column":76}},"5":{"start":{"line":20,"column":24},"end":{"line":20,"column":37}},"6":{"start":{"line":21,"column":34},"end":{"line":21,"column":52}},"7":{"start":{"line":22,"column":8},"end":{"line":28,"column":null}},"8":{"start":{"line":23,"column":20},"end":{"line":23,"column":30}},"9":{"start":{"line":24,"column":27},"end":{"line":24,"column":38}},"10":{"start":{"line":25,"column":28},"end":{"line":25,"column":56}},"11":{"start":{"line":26,"column":24},"end":{"line":26,"column":44}},"12":{"start":{"line":27,"column":12},"end":{"line":27,"column":62}},"13":{"start":{"line":29,"column":8},"end":{"line":29,"column":65}},"14":{"start":{"line":31,"column":8},"end":{"line":31,"column":23}},"15":{"start":{"line":8,"column":0},"end":{"line":8,"column":13}}},"fnMap":{"0":{"name":"(anonymous_0)","decl":{"start":{"line":12,"column":4},"end":{"line":12,"column":40}},"loc":{"start":{"line":12,"column":67},"end":{"line":13,"column":5}}},"1":{"name":"(anonymous_1)","decl":{"start":{"line":15,"column":11},"end":{"line":15,"column":26}},"loc":{"start":{"line":15,"column":91},"end":{"line":17,"column":5}}},"2":{"name":"(anonymous_2)","decl":{"start":{"line":19,"column":11},"end":{"line":19,"column":32}},"loc":{"start":{"line":19,"column":54},"end":{"line":32,"column":5}}}},"branchMap":{},"s":{"0":0,"1":0,"2":0,"3":0,"4":0,"5":0,"6":0,"7":0,"8":0,"9":0,"10":0,"11":0,"12":0,"13":0,"14":0,"15":0},"f":{"0":0,"1":0,"2":0},"b":{}}
,"/Users/emnajaoua/IdeaProjects/typescript-katas/typescript-backend-katas/src/supermarket_receipt/test/FakeCatalog.ts": {"path":"/Users/emnajaoua/IdeaProjects/typescript-katas/typescript-backend-katas/src/supermarket_receipt/test/FakeCatalog.ts","statementMap":{"0":{"start":{"line":5,"column":12},"end":{"line":5,"column":52}},"1":{"start":{"line":6,"column":12},"end":{"line":6,"column":49}},"2":{"start":{"line":9,"column":8},"end":{"line":9,"column":46}},"3":{"start":{"line":10,"column":8},"end":{"line":10,"column":42}},"4":{"start":{"line":14,"column":8},"end":{"line":14,"column":35}},"5":{"start":{"line":4,"column":0},"end":{"line":4,"column":13}}},"fnMap":{"0":{"name":"(anonymous_0)","decl":{"start":{"line":4,"column":0},"end":{"line":4,"column":13}},"loc":{"start":{"line":4,"column":0},"end":{"line":16,"column":1}}},"1":{"name":"(anonymous_1)","decl":{"start":{"line":8,"column":11},"end":{"line":8,"column":21}},"loc":{"start":{"line":8,"column":53},"end":{"line":11,"column":5}}},"2":{"name":"(anonymous_2)","decl":{"start":{"line":13,"column":11},"end":{"line":13,"column":23}},"loc":{"start":{"line":13,"column":34},"end":{"line":15,"column":5}}}},"branchMap":{},"s":{"0":0,"1":0,"2":0,"3":0,"4":0,"5":0},"f":{"0":0,"1":0,"2":0},"b":{}}
,"/Users/emnajaoua/IdeaProjects/typescript-katas/typescript-backend-katas/src/tellDontAsk/domain/Category.ts": {"path":"/Users/emnajaoua/IdeaProjects/typescript-katas/typescript-backend-katas/src/tellDontAsk/domain/Category.ts","statementMap":{"0":{"start":{"line":6,"column":6},"end":{"line":6,"column":23}},"1":{"start":{"line":10,"column":6},"end":{"line":10,"column":23}},"2":{"start":{"line":14,"column":6},"end":{"line":14,"column":32}},"3":{"start":{"line":18,"column":6},"end":{"line":18,"column":41}},"4":{"start":{"line":22,"column":0},"end":{"line":22,"column":24}}},"fnMap":{"0":{"name":"(anonymous_0)","decl":{"start":{"line":5,"column":9},"end":{"line":5,"column":16}},"loc":{"start":{"line":5,"column":16},"end":{"line":7,"column":3}}},"1":{"name":"(anonymous_1)","decl":{"start":{"line":9,"column":9},"end":{"line":9,"column":16}},"loc":{"start":{"line":9,"column":29},"end":{"line":11,"column":3}}},"2":{"name":"(anonymous_2)","decl":{"start":{"line":13,"column":9},"end":{"line":13,"column":25}},"loc":{"start":{"line":13,"column":25},"end":{"line":15,"column":3}}},"3":{"name":"(anonymous_3)","decl":{"start":{"line":17,"column":9},"end":{"line":17,"column":25}},"loc":{"start":{"line":17,"column":47},"end":{"line":19,"column":3}}}},"branchMap":{},"s":{"0":0,"1":0,"2":0,"3":0,"4":0},"f":{"0":0,"1":0,"2":0,"3":0},"b":{}}
,"/Users/emnajaoua/IdeaProjects/typescript-katas/typescript-backend-katas/src/tellDontAsk/domain/Order.ts": {"path":"/Users/emnajaoua/IdeaProjects/typescript-katas/typescript-backend-katas/src/tellDontAsk/domain/Order.ts","statementMap":{"0":{"start":{"line":13,"column":4},"end":{"line":13,"column":22}},"1":{"start":{"line":17,"column":4},"end":{"line":17,"column":23}},"2":{"start":{"line":21,"column":4},"end":{"line":21,"column":25}},"3":{"start":{"line":25,"column":4},"end":{"line":25,"column":29}},"4":{"start":{"line":29,"column":4},"end":{"line":29,"column":22}},"5":{"start":{"line":33,"column":4},"end":{"line":33,"column":23}},"6":{"start":{"line":37,"column":4},"end":{"line":37,"column":20}},"7":{"start":{"line":41,"column":4},"end":{"line":41,"column":19}},"8":{"start":{"line":45,"column":4},"end":{"line":45,"column":23}},"9":{"start":{"line":49,"column":4},"end":{"line":49,"column":25}},"10":{"start":{"line":53,"column":4},"end":{"line":53,"column":19}},"11":{"start":{"line":57,"column":4},"end":{"line":57,"column":17}},"12":{"start":{"line":61,"column":0},"end":{"line":61,"column":21}}},"fnMap":{"0":{"name":"(anonymous_0)","decl":{"start":{"line":12,"column":9},"end":{"line":12,"column":17}},"loc":{"start":{"line":12,"column":17},"end":{"line":14,"column":3}}},"1":{"name":"(anonymous_1)","decl":{"start":{"line":16,"column":9},"end":{"line":16,"column":17}},"loc":{"start":{"line":16,"column":31},"end":{"line":18,"column":3}}},"2":{"name":"(anonymous_2)","decl":{"start":{"line":20,"column":9},"end":{"line":20,"column":20}},"loc":{"start":{"line":20,"column":20},"end":{"line":22,"column":3}}},"3":{"name":"(anonymous_3)","decl":{"start":{"line":24,"column":9},"end":{"line":24,"column":20}},"loc":{"start":{"line":24,"column":37},"end":{"line":26,"column":3}}},"4":{"name":"(anonymous_4)","decl":{"start":{"line":28,"column":9},"end":{"line":28,"column":17}},"loc":{"start":{"line":28,"column":17},"end":{"line":30,"column":3}}},"5":{"name":"(anonymous_5)","decl":{"start":{"line":32,"column":9},"end":{"line":32,"column":17}},"loc":{"start":{"line":32,"column":36},"end":{"line":34,"column":3}}},"6":{"name":"(anonymous_6)","decl":{"start":{"line":36,"column":9},"end":{"line":36,"column":15}},"loc":{"start":{"line":36,"column":15},"end":{"line":38,"column":3}}},"7":{"name":"(anonymous_7)","decl":{"start":{"line":40,"column":9},"end":{"line":40,"column":15}},"loc":{"start":{"line":40,"column":27},"end":{"line":42,"column":3}}},"8":{"name":"(anonymous_8)","decl":{"start":{"line":44,"column":9},"end":{"line":44,"column":18}},"loc":{"start":{"line":44,"column":18},"end":{"line":46,"column":3}}},"9":{"name":"(anonymous_9)","decl":{"start":{"line":48,"column":9},"end":{"line":48,"column":18}},"loc":{"start":{"line":48,"column":38},"end":{"line":50,"column":3}}},"10":{"name":"(anonymous_10)","decl":{"start":{"line":52,"column":9},"end":{"line":52,"column":14}},"loc":{"start":{"line":52,"column":14},"end":{"line":54,"column":3}}},"11":{"name":"(anonymous_11)","decl":{"start":{"line":56,"column":9},"end":{"line":56,"column":14}},"loc":{"start":{"line":56,"column":25},"end":{"line":58,"column":3}}}},"branchMap":{},"s":{"0":0,"1":0,"2":0,"3":0,"4":0,"5":0,"6":0,"7":0,"8":10,"9":5,"10":4,"11":4,"12":1},"f":{"0":0,"1":0,"2":0,"3":0,"4":0,"5":0,"6":0,"7":0,"8":10,"9":5,"10":4,"11":4},"b":{}}
,"/Users/emnajaoua/IdeaProjects/typescript-katas/typescript-backend-katas/src/tellDontAsk/domain/OrderItem.ts": {"path":"/Users/emnajaoua/IdeaProjects/typescript-katas/typescript-backend-katas/src/tellDontAsk/domain/OrderItem.ts","statementMap":{"0":{"start":{"line":10,"column":4},"end":{"line":10,"column":24}},"1":{"start":{"line":14,"column":4},"end":{"line":14,"column":27}},"2":{"start":{"line":18,"column":6},"end":{"line":18,"column":27}},"3":{"start":{"line":22,"column":4},"end":{"line":22,"column":29}},"4":{"start":{"line":26,"column":4},"end":{"line":26,"column":28}},"5":{"start":{"line":30,"column":4},"end":{"line":30,"column":35}},"6":{"start":{"line":34,"column":4},"end":{"line":34,"column":20}},"7":{"start":{"line":38,"column":4},"end":{"line":38,"column":19}},"8":{"start":{"line":42,"column":0},"end":{"line":42,"column":25}}},"fnMap":{"0":{"name":"(anonymous_0)","decl":{"start":{"line":9,"column":9},"end":{"line":9,"column":19}},"loc":{"start":{"line":9,"column":19},"end":{"line":11,"column":3}}},"1":{"name":"(anonymous_1)","decl":{"start":{"line":13,"column":9},"end":{"line":13,"column":19}},"loc":{"start":{"line":13,"column":36},"end":{"line":15,"column":3}}},"2":{"name":"(anonymous_2)","decl":{"start":{"line":17,"column":9},"end":{"line":17,"column":20}},"loc":{"start":{"line":17,"column":20},"end":{"line":19,"column":3}}},"3":{"name":"(anonymous_3)","decl":{"start":{"line":21,"column":9},"end":{"line":21,"column":20}},"loc":{"start":{"line":21,"column":37},"end":{"line":23,"column":3}}},"4":{"name":"(anonymous_4)","decl":{"start":{"line":25,"column":9},"end":{"line":25,"column":23}},"loc":{"start":{"line":25,"column":23},"end":{"line":27,"column":3}}},"5":{"name":"(anonymous_5)","decl":{"start":{"line":29,"column":9},"end":{"line":29,"column":23}},"loc":{"start":{"line":29,"column":43},"end":{"line":31,"column":3}}},"6":{"name":"(anonymous_6)","decl":{"start":{"line":33,"column":9},"end":{"line":33,"column":15}},"loc":{"start":{"line":33,"column":15},"end":{"line":35,"column":3}}},"7":{"name":"(anonymous_7)","decl":{"start":{"line":37,"column":9},"end":{"line":37,"column":15}},"loc":{"start":{"line":37,"column":27},"end":{"line":39,"column":3}}}},"branchMap":{},"s":{"0":0,"1":0,"2":0,"3":0,"4":0,"5":0,"6":0,"7":0,"8":0},"f":{"0":0,"1":0,"2":0,"3":0,"4":0,"5":0,"6":0,"7":0},"b":{}}
,"/Users/emnajaoua/IdeaProjects/typescript-katas/typescript-backend-katas/src/tellDontAsk/domain/OrderStatus.ts": {"path":"/Users/emnajaoua/IdeaProjects/typescript-katas/typescript-backend-katas/src/tellDontAsk/domain/OrderStatus.ts","statementMap":{"0":{"start":{"line":1,"column":0},"end":{"line":1,"column":null}},"1":{"start":{"line":2,"column":2},"end":{"line":2,"column":12}},"2":{"start":{"line":2,"column":12},"end":{"line":2,"column":22}},"3":{"start":{"line":2,"column":22},"end":{"line":2,"column":31}},"4":{"start":{"line":2,"column":31},"end":{"line":2,"column":null}}},"fnMap":{"0":{"name":"(anonymous_0)","decl":{"start":{"line":1,"column":0},"end":{"line":1,"column":12}},"loc":{"start":{"line":1,"column":23},"end":{"line":3,"column":1}}}},"branchMap":{"0":{"loc":{"start":{"line":1,"column":12},"end":{"line":1,"column":null}},"type":"binary-expr","locations":[{"start":{"line":1,"column":12},"end":{"line":1,"column":23}},{"start":{"line":1,"column":12},"end":{"line":1,"column":null}}]}},"s":{"0":1,"1":1,"2":1,"3":1,"4":1},"f":{"0":1},"b":{"0":[1,1]}}
,"/Users/emnajaoua/IdeaProjects/typescript-katas/typescript-backend-katas/src/tellDontAsk/domain/Product.ts": {"path":"/Users/emnajaoua/IdeaProjects/typescript-katas/typescript-backend-katas/src/tellDontAsk/domain/Product.ts","statementMap":{"0":{"start":{"line":9,"column":4},"end":{"line":9,"column":21}},"1":{"start":{"line":13,"column":4},"end":{"line":13,"column":21}},"2":{"start":{"line":17,"column":4},"end":{"line":17,"column":22}},"3":{"start":{"line":21,"column":4},"end":{"line":21,"column":23}},"4":{"start":{"line":25,"column":4},"end":{"line":25,"column":25}},"5":{"start":{"line":29,"column":4},"end":{"line":29,"column":29}},"6":{"start":{"line":33,"column":0},"end":{"line":33,"column":23}}},"fnMap":{"0":{"name":"(anonymous_0)","decl":{"start":{"line":8,"column":9},"end":{"line":8,"column":16}},"loc":{"start":{"line":8,"column":16},"end":{"line":10,"column":3}}},"1":{"name":"(anonymous_1)","decl":{"start":{"line":12,"column":9},"end":{"line":12,"column":16}},"loc":{"start":{"line":12,"column":29},"end":{"line":14,"column":3}}},"2":{"name":"(anonymous_2)","decl":{"start":{"line":16,"column":9},"end":{"line":16,"column":17}},"loc":{"start":{"line":16,"column":17},"end":{"line":18,"column":3}}},"3":{"name":"(anonymous_3)","decl":{"start":{"line":20,"column":9},"end":{"line":20,"column":17}},"loc":{"start":{"line":20,"column":31},"end":{"line":22,"column":3}}},"4":{"name":"(anonymous_4)","decl":{"start":{"line":24,"column":9},"end":{"line":24,"column":20}},"loc":{"start":{"line":24,"column":20},"end":{"line":26,"column":3}}},"5":{"name":"(anonymous_5)","decl":{"start":{"line":28,"column":9},"end":{"line":28,"column":20}},"loc":{"start":{"line":28,"column":39},"end":{"line":30,"column":3}}}},"branchMap":{},"s":{"0":0,"1":0,"2":0,"3":0,"4":0,"5":0,"6":0},"f":{"0":0,"1":0,"2":0,"3":0,"4":0,"5":0},"b":{}}
,"/Users/emnajaoua/IdeaProjects/typescript-katas/typescript-backend-katas/src/tellDontAsk/doubles/InMemoryProductCatalog.ts": {"path":"/Users/emnajaoua/IdeaProjects/typescript-katas/typescript-backend-katas/src/tellDontAsk/doubles/InMemoryProductCatalog.ts","statementMap":{"0":{"start":{"line":8,"column":4},"end":{"line":8,"column":29}},"1":{"start":{"line":12,"column":4},"end":{"line":12,"column":57}},"2":{"start":{"line":12,"column":35},"end":{"line":12,"column":55}},"3":{"start":{"line":16,"column":0},"end":{"line":16,"column":38}}},"fnMap":{"0":{"name":"(anonymous_0)","decl":{"start":{"line":7,"column":2},"end":{"line":7,"column":21}},"loc":{"start":{"line":7,"column":40},"end":{"line":9,"column":3}}},"1":{"name":"(anonymous_1)","decl":{"start":{"line":11,"column":9},"end":{"line":11,"column":18}},"loc":{"start":{"line":11,"column":31},"end":{"line":13,"column":3}}},"2":{"name":"(anonymous_2)","decl":{"start":{"line":12,"column":30},"end":{"line":12,"column":31}},"loc":{"start":{"line":12,"column":35},"end":{"line":12,"column":55}}}},"branchMap":{},"s":{"0":0,"1":0,"2":0,"3":0},"f":{"0":0,"1":0,"2":0},"b":{}}
,"/Users/emnajaoua/IdeaProjects/typescript-katas/typescript-backend-katas/src/tellDontAsk/doubles/TestOrderRepository.ts": {"path":"/Users/emnajaoua/IdeaProjects/typescript-katas/typescript-backend-katas/src/tellDontAsk/doubles/TestOrderRepository.ts","statementMap":{"0":{"start":{"line":6,"column":2},"end":{"line":6,"column":24}},"1":{"start":{"line":7,"column":2},"end":{"line":7,"column":19}},"2":{"start":{"line":10,"column":6},"end":{"line":10,"column":33}},"3":{"start":{"line":11,"column":6},"end":{"line":11,"column":24}},"4":{"start":{"line":15,"column":6},"end":{"line":15,"column":33}},"5":{"start":{"line":19,"column":6},"end":{"line":19,"column":34}},"6":{"start":{"line":23,"column":6},"end":{"line":23,"column":58}},"7":{"start":{"line":23,"column":36},"end":{"line":23,"column":56}},"8":{"start":{"line":27,"column":6},"end":{"line":27,"column":31}},"9":{"start":{"line":31,"column":0},"end":{"line":31,"column":35}}},"fnMap":{"0":{"name":"(anonymous_2)","decl":{"start":{"line":9,"column":2},"end":{"line":9,"column":null}},"loc":{"start":{"line":9,"column":2},"end":{"line":12,"column":3}}},"1":{"name":"(anonymous_3)","decl":{"start":{"line":14,"column":9},"end":{"line":14,"column":22}},"loc":{"start":{"line":14,"column":22},"end":{"line":16,"column":3}}},"2":{"name":"(anonymous_4)","decl":{"start":{"line":18,"column":9},"end":{"line":18,"column":13}},"loc":{"start":{"line":18,"column":26},"end":{"line":20,"column":3}}},"3":{"name":"(anonymous_5)","decl":{"start":{"line":22,"column":9},"end":{"line":22,"column":16}},"loc":{"start":{"line":22,"column":32},"end":{"line":24,"column":3}}},"4":{"name":"(anonymous_6)","decl":{"start":{"line":23,"column":31},"end":{"line":23,"column":32}},"loc":{"start":{"line":23,"column":36},"end":{"line":23,"column":56}}},"5":{"name":"(anonymous_7)","decl":{"start":{"line":26,"column":9},"end":{"line":26,"column":17}},"loc":{"start":{"line":26,"column":30},"end":{"line":28,"column":3}}}},"branchMap":{},"s":{"0":4,"1":4,"2":4,"3":4,"4":4,"5":1,"6":4,"7":4,"8":4,"9":1},"f":{"0":4,"1":4,"2":1,"3":4,"4":4,"5":4},"b":{}}
,"/Users/emnajaoua/IdeaProjects/typescript-katas/typescript-backend-katas/src/tellDontAsk/doubles/TestShipmentService.ts": {"path":"/Users/emnajaoua/IdeaProjects/typescript-katas/typescript-backend-katas/src/tellDontAsk/doubles/TestShipmentService.ts","statementMap":{"0":{"start":{"line":5,"column":10},"end":{"line":5,"column":37}},"1":{"start":{"line":8,"column":4},"end":{"line":8,"column":29}},"2":{"start":{"line":12,"column":4},"end":{"line":12,"column":30}},"3":{"start":{"line":16,"column":0},"end":{"line":16,"column":35}}},"fnMap":{"0":{"name":"(anonymous_0)","decl":{"start":{"line":4,"column":0},"end":{"line":4,"column":6}},"loc":{"start":{"line":4,"column":0},"end":{"line":14,"column":1}}},"1":{"name":"(anonymous_1)","decl":{"start":{"line":7,"column":9},"end":{"line":7,"column":24}},"loc":{"start":{"line":7,"column":24},"end":{"line":9,"column":3}}},"2":{"name":"(anonymous_2)","decl":{"start":{"line":11,"column":9},"end":{"line":11,"column":13}},"loc":{"start":{"line":11,"column":26},"end":{"line":13,"column":3}}}},"branchMap":{},"s":{"0":4,"1":4,"2":1,"3":1},"f":{"0":4,"1":4,"2":1},"b":{}}
,"/Users/emnajaoua/IdeaProjects/typescript-katas/typescript-backend-katas/src/tellDontAsk/useCase/OrderApprovalRequest.ts": {"path":"/Users/emnajaoua/IdeaProjects/typescript-katas/typescript-backend-katas/src/tellDontAsk/useCase/OrderApprovalRequest.ts","statementMap":{"0":{"start":{"line":6,"column":4},"end":{"line":6,"column":27}},"1":{"start":{"line":10,"column":4},"end":{"line":10,"column":24}},"2":{"start":{"line":14,"column":4},"end":{"line":14,"column":29}},"3":{"start":{"line":18,"column":4},"end":{"line":18,"column":25}},"4":{"start":{"line":22,"column":0},"end":{"line":22,"column":36}}},"fnMap":{"0":{"name":"(anonymous_0)","decl":{"start":{"line":5,"column":10},"end":{"line":5,"column":20}},"loc":{"start":{"line":5,"column":36},"end":{"line":7,"column":3}}},"1":{"name":"(anonymous_1)","decl":{"start":{"line":9,"column":9},"end":{"line":9,"column":19}},"loc":{"start":{"line":9,"column":19},"end":{"line":11,"column":3}}},"2":{"name":"(anonymous_2)","decl":{"start":{"line":13,"column":9},"end":{"line":13,"column":20}},"loc":{"start":{"line":13,"column":38},"end":{"line":15,"column":3}}},"3":{"name":"(anonymous_3)","decl":{"start":{"line":17,"column":9},"end":{"line":17,"column":19}},"loc":{"start":{"line":17,"column":19},"end":{"line":19,"column":3}}}},"branchMap":{},"s":{"0":0,"1":0,"2":0,"3":0,"4":0},"f":{"0":0,"1":0,"2":0,"3":0},"b":{}}
,"/Users/emnajaoua/IdeaProjects/typescript-katas/typescript-backend-katas/src/tellDontAsk/useCase/OrderApprovalUseCase.ts": {"path":"/Users/emnajaoua/IdeaProjects/typescript-katas/typescript-backend-katas/src/tellDontAsk/useCase/OrderApprovalUseCase.ts","statementMap":{"0":{"start":{"line":2,"column":0},"end":{"line":2,"column":52}},"1":{"start":{"line":4,"column":0},"end":{"line":4,"column":101}},"2":{"start":{"line":6,"column":0},"end":{"line":6,"column":101}},"3":{"start":{"line":7,"column":0},"end":{"line":7,"column":99}},"4":{"start":{"line":13,"column":6},"end":{"line":13,"column":45}},"5":{"start":{"line":17,"column":27},"end":{"line":17,"column":77}},"6":{"start":{"line":19,"column":6},"end":{"line":21,"column":null}},"7":{"start":{"line":20,"column":10},"end":{"line":20,"column":60}},"8":{"start":{"line":23,"column":6},"end":{"line":25,"column":null}},"9":{"start":{"line":24,"column":10},"end":{"line":24,"column":61}},"10":{"start":{"line":27,"column":6},"end":{"line":29,"column":null}},"11":{"start":{"line":28,"column":10},"end":{"line":28,"column":61}},"12":{"start":{"line":31,"column":6},"end":{"line":31,"column":90}},"13":{"start":{"line":32,"column":6},"end":{"line":32,"column":39}},"14":{"start":{"line":36,"column":0},"end":{"line":36,"column":null}}},"fnMap":{"0":{"name":"(anonymous_1)","decl":{"start":{"line":12,"column":2},"end":{"line":12,"column":21}},"loc":{"start":{"line":12,"column":53},"end":{"line":14,"column":3}}},"1":{"name":"(anonymous_2)","decl":{"start":{"line":16,"column":9},"end":{"line":16,"column":12}},"loc":{"start":{"line":16,"column":42},"end":{"line":33,"column":3}}}},"branchMap":{"0":{"loc":{"start":{"line":19,"column":6},"end":{"line":21,"column":null}},"type":"if","locations":[{"start":{"line":19,"column":6},"end":{"line":21,"column":null}}]},"1":{"loc":{"start":{"line":23,"column":6},"end":{"line":25,"column":null}},"type":"if","locations":[{"start":{"line":23,"column":6},"end":{"line":25,"column":null}}]},"2":{"loc":{"start":{"line":23,"column":10},"end":{"line":23,"column":76}},"type":"binary-expr","locations":[{"start":{"line":23,"column":10},"end":{"line":23,"column":30}},{"start":{"line":23,"column":34},"end":{"line":23,"column":76}}]},"3":{"loc":{"start":{"line":27,"column":6},"end":{"line":29,"column":null}},"type":"if","locations":[{"start":{"line":27,"column":6},"end":{"line":29,"column":null}}]},"4":{"loc":{"start":{"line":27,"column":10},"end":{"line":27,"column":77}},"type":"binary-expr","locations":[{"start":{"line":27,"column":10},"end":{"line":27,"column":31}},{"start":{"line":27,"column":35},"end":{"line":27,"column":77}}]},"5":{"loc":{"start":{"line":31,"column":22},"end":{"line":31,"column":88}},"type":"cond-expr","locations":[{"start":{"line":31,"column":45},"end":{"line":31,"column":65}},{"start":{"line":31,"column":68},"end":{"line":31,"column":88}}]}},"s":{"0":0,"1":0,"2":0,"3":0,"4":0,"5":0,"6":0,"7":0,"8":0,"9":0,"10":0,"11":0,"12":0,"13":0,"14":0},"f":{"0":0,"1":0},"b":{"0":[0],"1":[0],"2":[0,0],"3":[0],"4":[0,0],"5":[0,0]}}
,"/Users/emnajaoua/IdeaProjects/typescript-katas/typescript-backend-katas/src/tellDontAsk/useCase/OrderCreationUseCase.ts": {"path":"/Users/emnajaoua/IdeaProjects/typescript-katas/typescript-backend-katas/src/tellDontAsk/useCase/OrderCreationUseCase.ts","statementMap":{"0":{"start":{"line":1,"column":0},"end":{"line":1,"column":36}},"1":{"start":{"line":2,"column":0},"end":{"line":2,"column":44}},"2":{"start":{"line":3,"column":0},"end":{"line":3,"column":52}},"3":{"start":{"line":8,"column":0},"end":{"line":8,"column":71}},"4":{"start":{"line":15,"column":4},"end":{"line":15,"column":43}},"5":{"start":{"line":16,"column":4},"end":{"line":16,"column":41}},"6":{"start":{"line":20,"column":25},"end":{"line":20,"column":36}},"7":{"start":{"line":21,"column":4},"end":{"line":21,"column":41}},"8":{"start":{"line":22,"column":4},"end":{"line":22,"column":23}},"9":{"start":{"line":23,"column":4},"end":{"line":23,"column":29}},"10":{"start":{"line":24,"column":4},"end":{"line":24,"column":22}},"11":{"start":{"line":25,"column":4},"end":{"line":25,"column":20}},"12":{"start":{"line":27,"column":4},"end":{"line":49,"column":null}},"13":{"start":{"line":28,"column":32},"end":{"line":28,"column":91}},"14":{"start":{"line":30,"column":6},"end":{"line":48,"column":null}},"15":{"start":{"line":31,"column":8},"end":{"line":31,"column":44}},"16":{"start":{"line":34,"column":35},"end":{"line":34,"column":126}},"17":{"start":{"line":35,"column":43},"end":{"line":35,"column":100}},"18":{"start":{"line":36,"column":36},"end":{"line":36,"column":106}},"19":{"start":{"line":37,"column":34},"end":{"line":37,"column":72}},"20":{"start":{"line":39,"column":37},"end":{"line":39,"column":52}},"21":{"start":{"line":40,"column":8},"end":{"line":40,"column":38}},"22":{"start":{"line":41,"column":8},"end":{"line":41,"column":57}},"23":{"start":{"line":42,"column":8},"end":{"line":42,"column":36}},"24":{"start":{"line":43,"column":8},"end":{"line":43,"column":46}},"25":{"start":{"line":44,"column":8},"end":{"line":44,"column":41}},"26":{"start":{"line":46,"column":8},"end":{"line":46,"column":55}},"27":{"start":{"line":47,"column":8},"end":{"line":47,"column":49}},"28":{"start":{"line":51,"column":4},"end":{"line":51,"column":37}},"29":{"start":{"line":55,"column":0},"end":{"line":55,"column":36}}},"fnMap":{"0":{"name":"(anonymous_1)","decl":{"start":{"line":14,"column":2},"end":{"line":14,"column":21}},"loc":{"start":{"line":14,"column":85},"end":{"line":17,"column":3}}},"1":{"name":"(anonymous_2)","decl":{"start":{"line":19,"column":9},"end":{"line":19,"column":12}},"loc":{"start":{"line":19,"column":38},"end":{"line":52,"column":3}}}},"branchMap":{"0":{"loc":{"start":{"line":30,"column":6},"end":{"line":48,"column":null}},"type":"if","locations":[{"start":{"line":30,"column":6},"end":{"line":48,"column":null}},{"start":{"line":33,"column":11},"end":{"line":48,"column":null}}]}},"s":{"0":0,"1":0,"2":0,"3":0,"4":0,"5":0,"6":0,"7":0,"8":0,"9":0,"10":0,"11":0,"12":0,"13":0,"14":0,"15":0,"16":0,"17":0,"18":0,"19":0,"20":0,"21":0,"22":0,"23":0,"24":0,"25":0,"26":0,"27":0,"28":0,"29":0},"f":{"0":0,"1":0},"b":{"0":[0,0]}}
,"/Users/emnajaoua/IdeaProjects/typescript-katas/typescript-backend-katas/src/tellDontAsk/useCase/OrderShipmentRequest.ts": {"path":"/Users/emnajaoua/IdeaProjects/typescript-katas/typescript-backend-katas/src/tellDontAsk/useCase/OrderShipmentRequest.ts","statementMap":{"0":{"start":{"line":5,"column":6},"end":{"line":5,"column":29}},"1":{"start":{"line":9,"column":6},"end":{"line":9,"column":26}},"2":{"start":{"line":13,"column":0},"end":{"line":13,"column":36}}},"fnMap":{"0":{"name":"(anonymous_0)","decl":{"start":{"line":4,"column":9},"end":{"line":4,"column":19}},"loc":{"start":{"line":4,"column":35},"end":{"line":6,"column":3}}},"1":{"name":"(anonymous_1)","decl":{"start":{"line":8,"column":9},"end":{"line":8,"column":19}},"loc":{"start":{"line":8,"column":19},"end":{"line":10,"column":3}}}},"branchMap":{},"s":{"0":4,"1":4,"2":1},"f":{"0":4,"1":4},"b":{}}
,"/Users/emnajaoua/IdeaProjects/typescript-katas/typescript-backend-katas/src/tellDontAsk/useCase/OrderShipmentUseCase.ts": {"path":"/Users/emnajaoua/IdeaProjects/typescript-katas/typescript-backend-katas/src/tellDontAsk/useCase/OrderShipmentUseCase.ts","statementMap":{"0":{"start":{"line":2,"column":0},"end":{"line":2,"column":52}},"1":{"start":{"line":5,"column":0},"end":{"line":5,"column":83}},"2":{"start":{"line":6,"column":0},"end":{"line":6,"column":93}},"3":{"start":{"line":14,"column":4},"end":{"line":14,"column":43}},"4":{"start":{"line":15,"column":4},"end":{"line":15,"column":43}},"5":{"start":{"line":19,"column":25},"end":{"line":19,"column":75}},"6":{"start":{"line":21,"column":4},"end":{"line":23,"column":null}},"7":{"start":{"line":22,"column":6},"end":{"line":22,"column":48}},"8":{"start":{"line":25,"column":4},"end":{"line":27,"column":null}},"9":{"start":{"line":26,"column":6},"end":{"line":26,"column":53}},"10":{"start":{"line":29,"column":4},"end":{"line":29,"column":37}},"11":{"start":{"line":31,"column":4},"end":{"line":31,"column":41}},"12":{"start":{"line":32,"column":4},"end":{"line":32,"column":37}},"13":{"start":{"line":36,"column":0},"end":{"line":36,"column":36}}},"fnMap":{"0":{"name":"(anonymous_1)","decl":{"start":{"line":13,"column":2},"end":{"line":13,"column":22}},"loc":{"start":{"line":13,"column":88},"end":{"line":16,"column":3}}},"1":{"name":"(anonymous_2)","decl":{"start":{"line":18,"column":9},"end":{"line":18,"column":12}},"loc":{"start":{"line":18,"column":42},"end":{"line":33,"column":3}}}},"branchMap":{"0":{"loc":{"start":{"line":21,"column":4},"end":{"line":23,"column":null}},"type":"if","locations":[{"start":{"line":21,"column":4},"end":{"line":23,"column":null}}]},"1":{"loc":{"start":{"line":21,"column":8},"end":{"line":21,"column":95}},"type":"binary-expr","locations":[{"start":{"line":21,"column":8},"end":{"line":21,"column":49}},{"start":{"line":21,"column":53},"end":{"line":21,"column":95}}]},"2":{"loc":{"start":{"line":25,"column":4},"end":{"line":27,"column":null}},"type":"if","locations":[{"start":{"line":25,"column":4},"end":{"line":27,"column":null}}]}},"s":{"0":1,"1":1,"2":1,"3":4,"4":4,"5":4,"6":4,"7":2,"8":2,"9":1,"10":1,"11":1,"12":1,"13":1},"f":{"0":4,"1":4},"b":{"0":[2],"1":[4,3],"2":[1]}}
,"/Users/emnajaoua/IdeaProjects/typescript-katas/typescript-backend-katas/src/tellDontAsk/useCase/SellItemRequest.ts": {"path":"/Users/emnajaoua/IdeaProjects/typescript-katas/typescript-backend-katas/src/tellDontAsk/useCase/SellItemRequest.ts","statementMap":{"0":{"start":{"line":6,"column":6},"end":{"line":6,"column":31}},"1":{"start":{"line":10,"column":6},"end":{"line":10,"column":37}},"2":{"start":{"line":14,"column":6},"end":{"line":14,"column":27}},"3":{"start":{"line":18,"column":6},"end":{"line":18,"column":30}},"4":{"start":{"line":22,"column":0},"end":{"line":22,"column":31}}},"fnMap":{"0":{"name":"(anonymous_0)","decl":{"start":{"line":5,"column":9},"end":{"line":5,"column":20}},"loc":{"start":{"line":5,"column":37},"end":{"line":7,"column":3}}},"1":{"name":"(anonymous_1)","decl":{"start":{"line":9,"column":9},"end":{"line":9,"column":23}},"loc":{"start":{"line":9,"column":43},"end":{"line":11,"column":3}}},"2":{"name":"(anonymous_2)","decl":{"start":{"line":13,"column":9},"end":{"line":13,"column":20}},"loc":{"start":{"line":13,"column":20},"end":{"line":15,"column":3}}},"3":{"name":"(anonymous_3)","decl":{"start":{"line":17,"column":9},"end":{"line":17,"column":23}},"loc":{"start":{"line":17,"column":23},"end":{"line":19,"column":3}}}},"branchMap":{},"s":{"0":0,"1":0,"2":0,"3":0,"4":0},"f":{"0":0,"1":0,"2":0,"3":0},"b":{}}
,"/Users/emnajaoua/IdeaProjects/typescript-katas/typescript-backend-katas/src/tellDontAsk/useCase/SellItemsRequest.ts": {"path":"/Users/emnajaoua/IdeaProjects/typescript-katas/typescript-backend-katas/src/tellDontAsk/useCase/SellItemsRequest.ts","statementMap":{"0":{"start":{"line":7,"column":6},"end":{"line":7,"column":31}},"1":{"start":{"line":11,"column":4},"end":{"line":11,"column":25}},"2":{"start":{"line":15,"column":0},"end":{"line":15,"column":32}}},"fnMap":{"0":{"name":"(anonymous_0)","decl":{"start":{"line":6,"column":9},"end":{"line":6,"column":20}},"loc":{"start":{"line":6,"column":48},"end":{"line":8,"column":3}}},"1":{"name":"(anonymous_1)","decl":{"start":{"line":10,"column":9},"end":{"line":10,"column":20}},"loc":{"start":{"line":10,"column":20},"end":{"line":12,"column":3}}}},"branchMap":{},"s":{"0":0,"1":0,"2":0},"f":{"0":0,"1":0},"b":{}}
,"/Users/emnajaoua/IdeaProjects/typescript-katas/typescript-backend-katas/src/tellDontAsk/utils/ApprovedOrderCannotBeRejectedException.ts": {"path":"/Users/emnajaoua/IdeaProjects/typescript-katas/typescript-backend-katas/src/tellDontAsk/utils/ApprovedOrderCannotBeRejectedException.ts","statementMap":{"0":{"start":{"line":1,"column":0},"end":{"line":1,"column":21}}},"fnMap":{},"branchMap":{},"s":{"0":0},"f":{},"b":{}}
,"/Users/emnajaoua/IdeaProjects/typescript-katas/typescript-backend-katas/src/tellDontAsk/utils/OrderCannotBeShippedException.ts": {"path":"/Users/emnajaoua/IdeaProjects/typescript-katas/typescript-backend-katas/src/tellDontAsk/utils/OrderCannotBeShippedException.ts","statementMap":{"0":{"start":{"line":1,"column":0},"end":{"line":1,"column":21}}},"fnMap":{},"branchMap":{},"s":{"0":1},"f":{},"b":{}}
,"/Users/emnajaoua/IdeaProjects/typescript-katas/typescript-backend-katas/src/tellDontAsk/utils/OrderCannotBeShippedTwiceException.ts": {"path":"/Users/emnajaoua/IdeaProjects/typescript-katas/typescript-backend-katas/src/tellDontAsk/utils/OrderCannotBeShippedTwiceException.ts","statementMap":{"0":{"start":{"line":1,"column":0},"end":{"line":1,"column":21}}},"fnMap":{},"branchMap":{},"s":{"0":1},"f":{},"b":{}}
,"/Users/emnajaoua/IdeaProjects/typescript-katas/typescript-backend-katas/src/tellDontAsk/utils/RejectedOrderCannotBeApprovedException.ts": {"path":"/Users/emnajaoua/IdeaProjects/typescript-katas/typescript-backend-katas/src/tellDontAsk/utils/RejectedOrderCannotBeApprovedException.ts","statementMap":{"0":{"start":{"line":1,"column":0},"end":{"line":1,"column":21}}},"fnMap":{},"branchMap":{},"s":{"0":0},"f":{},"b":{}}
,"/Users/emnajaoua/IdeaProjects/typescript-katas/typescript-backend-katas/src/tellDontAsk/utils/ShippedOrdersCannotBeChangedException.ts": {"path":"/Users/emnajaoua/IdeaProjects/typescript-katas/typescript-backend-katas/src/tellDontAsk/utils/ShippedOrdersCannotBeChangedException.ts","statementMap":{"0":{"start":{"line":1,"column":0},"end":{"line":1,"column":21}}},"fnMap":{},"branchMap":{},"s":{"0":0},"f":{},"b":{}}
,"/Users/emnajaoua/IdeaProjects/typescript-katas/typescript-backend-katas/src/tellDontAsk/utils/UnknownProductException.ts": {"path":"/Users/emnajaoua/IdeaProjects/typescript-katas/typescript-backend-katas/src/tellDontAsk/utils/UnknownProductException.ts","statementMap":{"0":{"start":{"line":1,"column":0},"end":{"line":1,"column":21}}},"fnMap":{},"branchMap":{},"s":{"0":0},"f":{},"b":{}}
}
