TN:
SF:src/index.ts
FNF:0
FNH:0
DA:1,0
DA:2,0
DA:3,0
LF:3
LH:0
BRF:0
BRH:0
end_of_record
TN:
SF:src/calculator/calculator.level2.ts
FN:1,(anonymous_0)
FN:9,(anonymous_1)
FN:10,(anonymous_2)
FN:11,(anonymous_3)
FN:12,(anonymous_4)
FN:17,(anonymous_5)
FNF:6
FNH:0
FNDA:0,(anonymous_0)
FNDA:0,(anonymous_1)
FNDA:0,(anonymous_2)
FNDA:0,(anonymous_3)
FNDA:0,(anonymous_4)
FNDA:0,(anonymous_5)
DA:1,0
DA:2,0
DA:3,0
DA:4,0
DA:5,0
DA:8,0
DA:9,0
DA:10,0
DA:11,0
DA:12,0
DA:15,0
DA:17,0
DA:18,0
DA:20,0
DA:21,0
DA:22,0
DA:24,0
DA:25,0
DA:28,0
LF:19
LH:0
BRDA:1,0,0,0
BRDA:1,0,1,0
BRDA:21,1,0,0
BRF:3
BRH:0
end_of_record
TN:
SF:src/example/calc.ts
FN:2,(anonymous_0)
FNF:1
FNH:0
FNDA:0,(anonymous_0)
DA:1,0
DA:3,0
LF:2
LH:0
BRF:0
BRH:0
end_of_record
TN:
SF:src/streetFighter/mappingBetweenFightersFromSfplAndFca.ts
FNF:0
FNH:0
DA:1,0
LF:1
LH:0
BRF:0
BRH:0
end_of_record
TN:
SF:src/streetFighter/helpers/helpers.ts
FN:4,(anonymous_20)
FN:4,(anonymous_21)
FN:20,(anonymous_22)
FNF:3
FNH:0
FNDA:0,(anonymous_20)
FNDA:0,(anonymous_21)
FNDA:0,(anonymous_22)
DA:1,0
DA:2,0
DA:4,0
DA:5,0
DA:6,0
DA:13,0
DA:14,0
DA:15,0
DA:17,0
DA:20,0
DA:21,0
DA:22,0
DA:23,0
LF:13
LH:0
BRF:0
BRH:0
end_of_record
TN:
SF:src/supermarket_receipt/src/ReceiptPrinter.ts
FN:7,(anonymous_0)
FN:10,(anonymous_1)
FN:50,(anonymous_2)
FN:57,(anonymous_3)
FN:64,(anonymous_4)
FNF:5
FNH:0
FNDA:0,(anonymous_0)
FNDA:0,(anonymous_1)
FNDA:0,(anonymous_2)
FNDA:0,(anonymous_3)
FNDA:0,(anonymous_4)
DA:1,0
DA:5,0
DA:7,0
DA:11,0
DA:12,0
DA:13,0
DA:14,0
DA:15,0
DA:16,0
DA:18,0
DA:19,0
DA:21,0
DA:22,0
DA:24,0
DA:26,0
DA:27,0
DA:28,0
DA:29,0
DA:30,0
DA:31,0
DA:32,0
DA:33,0
DA:34,0
DA:35,0
DA:36,0
DA:37,0
DA:39,0
DA:40,0
DA:41,0
DA:42,0
DA:43,0
DA:44,0
DA:45,0
DA:47,0
DA:51,0
DA:58,0
DA:65,0
LF:37
LH:0
BRDA:7,0,0,0
BRDA:21,1,0,0
BRDA:58,2,0,0
BRDA:58,2,1,0
BRF:4
BRH:0
end_of_record
TN:
SF:src/supermarket_receipt/src/model/Discount.ts
FN:5,(anonymous_0)
FNF:1
FNH:0
FNDA:0,(anonymous_0)
DA:3,0
DA:5,0
DA:6,0
DA:7,0
LF:4
LH:0
BRF:0
BRH:0
end_of_record
TN:
SF:src/supermarket_receipt/src/model/Offer.ts
FN:6,(anonymous_0)
FN:11,(anonymous_1)
FNF:2
FNH:0
FNDA:0,(anonymous_0)
FNDA:0,(anonymous_1)
DA:4,0
DA:6,0
DA:7,0
DA:8,0
DA:12,0
LF:5
LH:0
BRF:0
BRH:0
end_of_record
TN:
SF:src/supermarket_receipt/src/model/Product.ts
FN:5,(anonymous_0)
FNF:1
FNH:0
FNDA:0,(anonymous_0)
DA:3,0
DA:5,0
DA:6,0
LF:3
LH:0
BRF:0
BRH:0
end_of_record
TN:
SF:src/supermarket_receipt/src/model/ProductQuantity.ts
FN:5,(anonymous_0)
FNF:1
FNH:0
FNDA:0,(anonymous_0)
DA:3,0
DA:5,0
DA:6,0
DA:7,0
DA:8,0
LF:5
LH:0
BRF:0
BRH:0
end_of_record
TN:
SF:src/supermarket_receipt/src/model/ProductUnit.ts
FN:2,(anonymous_0)
FNF:1
FNH:0
FNDA:0,(anonymous_0)
DA:2,0
DA:3,0
LF:2
LH:0
BRDA:2,0,0,0
BRDA:2,0,1,0
BRF:2
BRH:0
end_of_record
TN:
SF:src/supermarket_receipt/src/model/Receipt.ts
FN:6,(anonymous_6)
FN:10,(anonymous_7)
FN:21,(anonymous_8)
FN:25,(anonymous_9)
FN:29,(anonymous_10)
FN:33,(anonymous_11)
FNF:6
FNH:0
FNDA:0,(anonymous_6)
FNDA:0,(anonymous_7)
FNDA:0,(anonymous_8)
FNDA:0,(anonymous_9)
FNDA:0,(anonymous_10)
FNDA:0,(anonymous_11)
DA:3,0
DA:4,0
DA:6,0
DA:7,0
DA:8,0
DA:11,0
DA:12,0
DA:13,0
DA:15,0
DA:16,0
DA:18,0
DA:22,0
DA:26,0
DA:30,0
DA:34,0
LF:15
LH:0
BRF:0
BRH:0
end_of_record
TN:
SF:src/supermarket_receipt/src/model/ReceiptItem.ts
FN:5,(anonymous_0)
FNF:1
FNH:0
FNDA:0,(anonymous_0)
DA:3,0
DA:5,0
DA:6,0
DA:7,0
DA:8,0
LF:5
LH:0
BRF:0
BRH:0
end_of_record
TN:
SF:src/supermarket_receipt/src/model/ShoppingCart.ts
FN:13,(anonymous_6)
FN:19,(anonymous_7)
FN:23,(anonymous_8)
FN:27,(anonymous_9)
FN:32,(anonymous_10)
FN:44,(anonymous_11)
FN:48,(anonymous_12)
FNF:7
FNH:0
FNDA:0,(anonymous_6)
FNDA:0,(anonymous_7)
FNDA:0,(anonymous_8)
FNDA:0,(anonymous_9)
FNDA:0,(anonymous_10)
FNDA:0,(anonymous_11)
FNDA:0,(anonymous_12)
DA:3,0
DA:4,0
DA:5,0
DA:8,0
DA:13,0
DA:15,0
DA:16,0
DA:20,0
DA:24,0
DA:28,0
DA:33,0
DA:34,0
DA:35,0
DA:36,0
DA:37,0
DA:39,0
DA:45,0
DA:49,0
DA:50,0
DA:51,0
DA:52,0
DA:53,0
DA:54,0
DA:55,0
DA:56,0
DA:57,0
DA:58,0
DA:59,0
DA:60,0
DA:62,0
DA:63,0
DA:64,0
DA:65,0
DA:66,0
DA:67,0
DA:70,0
DA:71,0
DA:73,0
DA:74,0
DA:75,0
DA:76,0
DA:78,0
DA:79,0
DA:81,0
DA:82,0
DA:83,0
DA:85,0
DA:86,0
LF:48
LH:0
BRDA:36,0,0,0
BRDA:36,0,1,0
BRDA:53,1,0,0
BRDA:59,2,0,0
BRDA:59,2,1,0
BRDA:62,3,0,0
BRDA:64,4,0,0
BRDA:70,5,0,0
BRDA:74,6,0,0
BRDA:74,7,0,0
BRDA:74,7,1,0
BRDA:78,8,0,0
BRDA:81,9,0,0
BRDA:81,10,0,0
BRDA:81,10,1,0
BRDA:85,11,0,0
BRF:16
BRH:0
end_of_record
TN:
SF:src/supermarket_receipt/src/model/SpecialOfferType.ts
FN:2,(anonymous_0)
FNF:1
FNH:0
FNDA:0,(anonymous_0)
DA:2,0
DA:3,0
LF:2
LH:0
BRDA:2,0,0,0
BRDA:2,0,1,0
BRF:2
BRH:0
end_of_record
TN:
SF:src/supermarket_receipt/src/model/Teller.ts
FN:12,(anonymous_0)
FN:15,(anonymous_1)
FN:19,(anonymous_2)
FNF:3
FNH:0
FNDA:0,(anonymous_0)
FNDA:0,(anonymous_1)
FNDA:0,(anonymous_2)
DA:4,0
DA:5,0
DA:8,0
DA:10,0
DA:12,0
DA:16,0
DA:20,0
DA:21,0
DA:22,0
DA:23,0
DA:24,0
DA:25,0
DA:26,0
DA:27,0
DA:29,0
DA:31,0
LF:16
LH:0
BRF:0
BRH:0
end_of_record
TN:
SF:src/supermarket_receipt/test/FakeCatalog.ts
FN:4,(anonymous_0)
FN:8,(anonymous_1)
FN:13,(anonymous_2)
FNF:3
FNH:0
FNDA:0,(anonymous_0)
FNDA:0,(anonymous_1)
FNDA:0,(anonymous_2)
DA:4,0
DA:5,0
DA:6,0
DA:9,0
DA:10,0
DA:14,0
LF:6
LH:0
BRF:0
BRH:0
end_of_record
TN:
SF:src/tellDontAsk/domain/Category.ts
FN:5,(anonymous_0)
FN:9,(anonymous_1)
FN:13,(anonymous_2)
FN:17,(anonymous_3)
FNF:4
FNH:0
FNDA:0,(anonymous_0)
FNDA:0,(anonymous_1)
FNDA:0,(anonymous_2)
FNDA:0,(anonymous_3)
DA:6,0
DA:10,0
DA:14,0
DA:18,0
DA:22,0
LF:5
LH:0
BRF:0
BRH:0
end_of_record
TN:
SF:src/tellDontAsk/domain/Order.ts
FN:12,(anonymous_0)
FN:16,(anonymous_1)
FN:20,(anonymous_2)
FN:24,(anonymous_3)
FN:28,(anonymous_4)
FN:32,(anonymous_5)
FN:36,(anonymous_6)
FN:40,(anonymous_7)
FN:44,(anonymous_8)
FN:48,(anonymous_9)
FN:52,(anonymous_10)
FN:56,(anonymous_11)
FNF:12
FNH:4
FNDA:0,(anonymous_0)
FNDA:0,(anonymous_1)
FNDA:0,(anonymous_2)
FNDA:0,(anonymous_3)
FNDA:0,(anonymous_4)
FNDA:0,(anonymous_5)
FNDA:0,(anonymous_6)
FNDA:0,(anonymous_7)
FNDA:10,(anonymous_8)
FNDA:5,(anonymous_9)
FNDA:4,(anonymous_10)
FNDA:4,(anonymous_11)
DA:13,0
DA:17,0
DA:21,0
DA:25,0
DA:29,0
DA:33,0
DA:37,0
DA:41,0
DA:45,10
DA:49,5
DA:53,4
DA:57,4
DA:61,1
LF:13
LH:5
BRF:0
BRH:0
end_of_record
TN:
SF:src/tellDontAsk/domain/OrderItem.ts
FN:9,(anonymous_0)
FN:13,(anonymous_1)
FN:17,(anonymous_2)
FN:21,(anonymous_3)
FN:25,(anonymous_4)
FN:29,(anonymous_5)
FN:33,(anonymous_6)
FN:37,(anonymous_7)
FNF:8
FNH:0
FNDA:0,(anonymous_0)
FNDA:0,(anonymous_1)
FNDA:0,(anonymous_2)
FNDA:0,(anonymous_3)
FNDA:0,(anonymous_4)
FNDA:0,(anonymous_5)
FNDA:0,(anonymous_6)
FNDA:0,(anonymous_7)
DA:10,0
DA:14,0
DA:18,0
DA:22,0
DA:26,0
DA:30,0
DA:34,0
DA:38,0
DA:42,0
LF:9
LH:0
BRF:0
BRH:0
end_of_record
TN:
SF:src/tellDontAsk/domain/OrderStatus.ts
FN:1,(anonymous_0)
FNF:1
FNH:1
FNDA:1,(anonymous_0)
DA:1,1
DA:2,1
LF:2
LH:2
BRDA:1,0,0,1
BRDA:1,0,1,1
BRF:2
BRH:2
end_of_record
TN:
SF:src/tellDontAsk/domain/Product.ts
FN:8,(anonymous_0)
FN:12,(anonymous_1)
FN:16,(anonymous_2)
FN:20,(anonymous_3)
FN:24,(anonymous_4)
FN:28,(anonymous_5)
FNF:6
FNH:0
FNDA:0,(anonymous_0)
FNDA:0,(anonymous_1)
FNDA:0,(anonymous_2)
FNDA:0,(anonymous_3)
FNDA:0,(anonymous_4)
FNDA:0,(anonymous_5)
DA:9,0
DA:13,0
DA:17,0
DA:21,0
DA:25,0
DA:29,0
DA:33,0
LF:7
LH:0
BRF:0
BRH:0
end_of_record
TN:
SF:src/tellDontAsk/doubles/InMemoryProductCatalog.ts
FN:7,(anonymous_0)
FN:11,(anonymous_1)
FN:12,(anonymous_2)
FNF:3
FNH:0
FNDA:0,(anonymous_0)
FNDA:0,(anonymous_1)
FNDA:0,(anonymous_2)
DA:8,0
DA:12,0
DA:16,0
LF:3
LH:0
BRF:0
BRH:0
end_of_record
TN:
SF:src/tellDontAsk/doubles/TestOrderRepository.ts
FN:9,(anonymous_2)
FN:14,(anonymous_3)
FN:18,(anonymous_4)
FN:22,(anonymous_5)
FN:23,(anonymous_6)
FN:26,(anonymous_7)
FNF:6
FNH:6
FNDA:4,(anonymous_2)
FNDA:4,(anonymous_3)
FNDA:1,(anonymous_4)
FNDA:4,(anonymous_5)
FNDA:4,(anonymous_6)
FNDA:4,(anonymous_7)
DA:6,4
DA:7,4
DA:10,4
DA:11,4
DA:15,4
DA:19,1
DA:23,4
DA:27,4
DA:31,1
LF:9
LH:9
BRF:0
BRH:0
end_of_record
TN:
SF:src/tellDontAsk/doubles/TestShipmentService.ts
FN:4,(anonymous_0)
FN:7,(anonymous_1)
FN:11,(anonymous_2)
FNF:3
FNH:3
FNDA:4,(anonymous_0)
FNDA:4,(anonymous_1)
FNDA:1,(anonymous_2)
DA:5,4
DA:8,4
DA:12,1
DA:16,1
LF:4
LH:4
BRF:0
BRH:0
end_of_record
TN:
SF:src/tellDontAsk/useCase/OrderApprovalRequest.ts
FN:5,(anonymous_0)
FN:9,(anonymous_1)
FN:13,(anonymous_2)
FN:17,(anonymous_3)
FNF:4
FNH:0
FNDA:0,(anonymous_0)
FNDA:0,(anonymous_1)
FNDA:0,(anonymous_2)
FNDA:0,(anonymous_3)
DA:6,0
DA:10,0
DA:14,0
DA:18,0
DA:22,0
LF:5
LH:0
BRF:0
BRH:0
end_of_record
TN:
SF:src/tellDontAsk/useCase/OrderApprovalUseCase.ts
FN:12,(anonymous_1)
FN:16,(anonymous_2)
FNF:2
FNH:0
FNDA:0,(anonymous_1)
FNDA:0,(anonymous_2)
DA:2,0
DA:4,0
DA:6,0
DA:7,0
DA:13,0
DA:17,0
DA:19,0
DA:20,0
DA:23,0
DA:24,0
DA:27,0
DA:28,0
DA:31,0
DA:32,0
DA:36,0
LF:15
LH:0
BRDA:19,0,0,0
BRDA:23,1,0,0
BRDA:23,2,0,0
BRDA:23,2,1,0
BRDA:27,3,0,0
BRDA:27,4,0,0
BRDA:27,4,1,0
BRDA:31,5,0,0
BRDA:31,5,1,0
BRF:9
BRH:0
end_of_record
TN:
SF:src/tellDontAsk/useCase/OrderCreationUseCase.ts
FN:14,(anonymous_1)
FN:19,(anonymous_2)
FNF:2
FNH:0
FNDA:0,(anonymous_1)
FNDA:0,(anonymous_2)
DA:1,0
DA:2,0
DA:3,0
DA:8,0
DA:15,0
DA:16,0
DA:20,0
DA:21,0
DA:22,0
DA:23,0
DA:24,0
DA:25,0
DA:27,0
DA:28,0
DA:30,0
DA:31,0
DA:34,0
DA:35,0
DA:36,0
DA:37,0
DA:39,0
DA:40,0
DA:41,0
DA:42,0
DA:43,0
DA:44,0
DA:46,0
DA:47,0
DA:51,0
DA:55,0
LF:30
LH:0
BRDA:30,0,0,0
BRDA:30,0,1,0
BRF:2
BRH:0
end_of_record
TN:
SF:src/tellDontAsk/useCase/OrderShipmentRequest.ts
FN:4,(anonymous_0)
FN:8,(anonymous_1)
FNF:2
FNH:2
FNDA:4,(anonymous_0)
FNDA:4,(anonymous_1)
DA:5,4
DA:9,4
DA:13,1
LF:3
LH:3
BRF:0
BRH:0
end_of_record
TN:
SF:src/tellDontAsk/useCase/OrderShipmentUseCase.ts
FN:13,(anonymous_1)
FN:18,(anonymous_2)
FNF:2
FNH:2
FNDA:4,(anonymous_1)
FNDA:4,(anonymous_2)
DA:2,1
DA:5,1
DA:6,1
DA:14,4
DA:15,4
DA:19,4
DA:21,4
DA:22,2
DA:25,2
DA:26,1
DA:29,1
DA:31,1
DA:32,1
DA:36,1
LF:14
LH:14
BRDA:21,0,0,2
BRDA:21,1,0,4
BRDA:21,1,1,3
BRDA:25,2,0,1
BRF:4
BRH:4
end_of_record
TN:
SF:src/tellDontAsk/useCase/SellItemRequest.ts
FN:5,(anonymous_0)
FN:9,(anonymous_1)
FN:13,(anonymous_2)
FN:17,(anonymous_3)
FNF:4
FNH:0
FNDA:0,(anonymous_0)
FNDA:0,(anonymous_1)
FNDA:0,(anonymous_2)
FNDA:0,(anonymous_3)
DA:6,0
DA:10,0
DA:14,0
DA:18,0
DA:22,0
LF:5
LH:0
BRF:0
BRH:0
end_of_record
TN:
SF:src/tellDontAsk/useCase/SellItemsRequest.ts
FN:6,(anonymous_0)
FN:10,(anonymous_1)
FNF:2
FNH:0
FNDA:0,(anonymous_0)
FNDA:0,(anonymous_1)
DA:7,0
DA:11,0
DA:15,0
LF:3
LH:0
BRF:0
BRH:0
end_of_record
TN:
SF:src/tellDontAsk/utils/ApprovedOrderCannotBeRejectedException.ts
FNF:0
FNH:0
DA:1,0
LF:1
LH:0
BRF:0
BRH:0
end_of_record
TN:
SF:src/tellDontAsk/utils/OrderCannotBeShippedException.ts
FNF:0
FNH:0
DA:1,1
LF:1
LH:1
BRF:0
BRH:0
end_of_record
TN:
SF:src/tellDontAsk/utils/OrderCannotBeShippedTwiceException.ts
FNF:0
FNH:0
DA:1,1
LF:1
LH:1
BRF:0
BRH:0
end_of_record
TN:
SF:src/tellDontAsk/utils/RejectedOrderCannotBeApprovedException.ts
FNF:0
FNH:0
DA:1,0
LF:1
LH:0
BRF:0
BRH:0
end_of_record
TN:
SF:src/tellDontAsk/utils/ShippedOrdersCannotBeChangedException.ts
FNF:0
FNH:0
DA:1,0
LF:1
LH:0
BRF:0
BRH:0
end_of_record
TN:
SF:src/tellDontAsk/utils/UnknownProductException.ts
FNF:0
FNH:0
DA:1,0
LF:1
LH:0
BRF:0
BRH:0
end_of_record
